[0m01:49:19.581581 [debug] [MainThread]: Sending event: {'category': 'dbt', 'action': 'invocation', 'label': 'start', 'context': [<snowplow_tracker.self_describing_json.SelfDescribingJson object at 0x0000028CBE83C770>, <snowplow_tracker.self_describing_json.SelfDescribingJson object at 0x0000028CBEFD81D0>, <snowplow_tracker.self_describing_json.SelfDescribingJson object at 0x0000028CBDE1BAA0>]}


============================== 01:49:19.591971 | 487e11f0-ce48-41fa-bb46-5f10d9d2ed38 ==============================
[0m01:49:19.591971 [info ] [MainThread]: Running with dbt=1.11.9
[0m01:49:19.593160 [debug] [MainThread]: running dbt with arguments {'version_check': 'True', 'no_print': 'None', 'static_parser': 'True', 'warn_error_options': 'WarnErrorOptionsV2(error=[], warn=[], silence=[])', 'target_path': 'None', 'printer_width': '80', 'write_json': 'True', 'empty': 'None', 'log_cache_events': 'False', 'introspect': 'True', 'cache_selected_only': 'False', 'fail_fast': 'False', 'debug': 'False', 'log_format': 'default', 'profiles_dir': 'C:\\Users\\Jmero\\.dbt', 'send_anonymous_usage_stats': 'True', 'quiet': 'False', 'warn_error': 'None', 'partial_parse': 'True', 'invocation_command': 'dbt init techsales_dbt', 'use_colors': 'True', 'indirect_selection': 'eager', 'use_experimental_parser': 'False', 'log_path': 'logs'}
[0m01:49:19.642851 [info ] [MainThread]: Creating dbt configuration folder at C:\Users\Jmero\.dbt
[0m01:49:19.646027 [debug] [MainThread]: Starter project path: C:\work_related\TechSalesMX\venv\Lib\site-packages\dbt\include\starter_project
[0m01:49:19.684638 [info ] [MainThread]: 
Your new dbt project "techsales_dbt" was created!

For more information on how to configure the profiles.yml file,
please consult the dbt documentation here:

  https://docs.getdbt.com/docs/configure-your-profile

One more thing:

Need help? Don't hesitate to reach out to us via GitHub issues or on Slack:

  https://community.getdbt.com/

Happy modeling!

[0m01:49:19.686183 [info ] [MainThread]: Setting up your profile.
[0m01:52:21.687381 [debug] [MainThread]: Sending event: {'category': 'dbt', 'action': 'invocation', 'label': 'start', 'context': [<snowplow_tracker.self_describing_json.SelfDescribingJson object at 0x000002BF79504740>, <snowplow_tracker.self_describing_json.SelfDescribingJson object at 0x000002BF793DD340>, <snowplow_tracker.self_describing_json.SelfDescribingJson object at 0x000002BF7946B800>]}


============================== 01:52:21.697066 | aa0cd416-d07b-4bba-aa8c-0c517af4cd9a ==============================
[0m01:52:21.697066 [info ] [MainThread]: Running with dbt=1.11.9
[0m01:52:21.698699 [debug] [MainThread]: running dbt with arguments {'static_parser': 'True', 'no_print': 'None', 'version_check': 'True', 'target_path': 'None', 'warn_error_options': 'WarnErrorOptionsV2(error=[], warn=[], silence=[])', 'printer_width': '80', 'write_json': 'True', 'empty': 'None', 'log_cache_events': 'False', 'introspect': 'True', 'cache_selected_only': 'False', 'fail_fast': 'False', 'debug': 'False', 'log_format': 'default', 'partial_parse': 'True', 'send_anonymous_usage_stats': 'True', 'quiet': 'False', 'warn_error': 'None', 'profiles_dir': 'C:\\Users\\Jmero\\.dbt', 'invocation_command': 'dbt init techsales_dbt', 'indirect_selection': 'eager', 'use_colors': 'True', 'use_experimental_parser': 'False', 'log_path': 'logs'}
[0m01:52:21.732602 [info ] [MainThread]: A project called techsales_dbt already exists here.
[0m01:52:21.733752 [debug] [MainThread]: Command `dbt init` succeeded at 01:52:21.733220 after 0.19 seconds
[0m01:52:21.734294 [debug] [MainThread]: Sending event: {'category': 'dbt', 'action': 'invocation', 'label': 'end', 'context': [<snowplow_tracker.self_describing_json.SelfDescribingJson object at 0x000002BF792BE8D0>, <snowplow_tracker.self_describing_json.SelfDescribingJson object at 0x000002BF794BB770>, <snowplow_tracker.self_describing_json.SelfDescribingJson object at 0x000002BF794BBCE0>]}
[0m01:52:21.734817 [debug] [MainThread]: Flushing usage events
[0m01:52:22.959411 [debug] [MainThread]: An error was encountered while trying to flush usage events
[0m02:12:17.234242 [debug] [MainThread]: Sending event: {'category': 'dbt', 'action': 'invocation', 'label': 'start', 'context': [<snowplow_tracker.self_describing_json.SelfDescribingJson object at 0x000001A166532030>, <snowplow_tracker.self_describing_json.SelfDescribingJson object at 0x000001A1663A3B30>, <snowplow_tracker.self_describing_json.SelfDescribingJson object at 0x000001A166CA1310>]}


============================== 02:12:17.240949 | 470f5685-98f0-4eba-bd8d-24d9946becea ==============================
[0m02:12:17.240949 [info ] [MainThread]: Running with dbt=1.11.9
[0m02:12:17.242138 [debug] [MainThread]: running dbt with arguments {'version_check': 'True', 'no_print': 'None', 'static_parser': 'True', 'target_path': 'None', 'warn_error_options': 'WarnErrorOptionsV2(error=[], warn=[], silence=[])', 'printer_width': '80', 'write_json': 'True', 'empty': 'None', 'log_cache_events': 'False', 'introspect': 'True', 'cache_selected_only': 'False', 'fail_fast': 'False', 'debug': 'False', 'log_format': 'default', 'partial_parse': 'True', 'send_anonymous_usage_stats': 'True', 'quiet': 'False', 'warn_error': 'None', 'profiles_dir': '.', 'invocation_command': 'dbt debug --profiles-dir .', 'use_colors': 'True', 'indirect_selection': 'eager', 'use_experimental_parser': 'False', 'log_path': 'logs'}
[0m02:12:17.276022 [info ] [MainThread]: dbt version: 1.11.9
[0m02:12:17.277004 [info ] [MainThread]: python version: 3.12.2
[0m02:12:17.278084 [info ] [MainThread]: python path: C:\work_related\TechSalesMX\venv\Scripts\python.exe
[0m02:12:17.279091 [info ] [MainThread]: os info: Windows-11-10.0.26200-SP0
[0m02:12:17.280509 [info ] [MainThread]: Using profiles dir at .
[0m02:12:17.281619 [info ] [MainThread]: Using profiles.yml file at .\profiles.yml
[0m02:12:17.282631 [info ] [MainThread]: Using dbt_project.yml file at C:\work_related\TechSalesMX\dbt_project.yml
[0m02:12:17.283919 [info ] [MainThread]: Configuration:
[0m02:12:17.284906 [info ] [MainThread]:   profiles.yml file [[31mERROR not found[0m]
[0m02:12:17.284906 [info ] [MainThread]:   dbt_project.yml file [[31mERROR not found[0m]
[0m02:12:17.285930 [info ] [MainThread]: Required dependencies:
[0m02:12:17.286942 [debug] [MainThread]: Executing "git --help"
[0m02:12:17.336752 [debug] [MainThread]: STDOUT: "b"usage: git [-v | --version] [-h | --help] [-C <path>] [-c <name>=<value>]\n           [--exec-path[=<path>]] [--html-path] [--man-path] [--info-path]\n           [-p | --paginate | -P | --no-pager] [--no-replace-objects] [--no-lazy-fetch]\n           [--no-optional-locks] [--no-advice] [--bare] [--git-dir=<path>]\n           [--work-tree=<path>] [--namespace=<name>] [--config-env=<name>=<envvar>]\n           <command> [<args>]\n\nThese are common Git commands used in various situations:\n\nstart a working area (see also: git help tutorial)\n   clone      Clone a repository into a new directory\n   init       Create an empty Git repository or reinitialize an existing one\n\nwork on the current change (see also: git help everyday)\n   add        Add file contents to the index\n   mv         Move or rename a file, a directory, or a symlink\n   restore    Restore working tree files\n   rm         Remove files from the working tree and from the index\n\nexamine the history and state (see also: git help revisions)\n   bisect     Use binary search to find the commit that introduced a bug\n   diff       Show changes between commits, commit and working tree, etc\n   grep       Print lines matching a pattern\n   log        Show commit logs\n   show       Show various types of objects\n   status     Show the working tree status\n\ngrow, mark and tweak your common history\n   backfill   Download missing objects in a partial clone\n   branch     List, create, or delete branches\n   commit     Record changes to the repository\n   merge      Join two or more development histories together\n   rebase     Reapply commits on top of another base tip\n   reset      Reset current HEAD to the specified state\n   switch     Switch branches\n   tag        Create, list, delete or verify tags\n\ncollaborate (see also: git help workflows)\n   fetch      Download objects and refs from another repository\n   pull       Fetch from and integrate with another repository or a local branch\n   push       Update remote refs along with associated objects\n\n'git help -a' and 'git help -g' list available subcommands and some\nconcept guides. See 'git help <command>' or 'git help <concept>'\nto read about a specific subcommand or concept.\nSee 'git help git' for an overview of the system.\n""
[0m02:12:17.337751 [debug] [MainThread]: STDERR: "b''"
[0m02:12:17.337751 [info ] [MainThread]:  - git [[32mOK found[0m]

[0m02:12:17.338750 [info ] [MainThread]: Connection test skipped since no profile was found
[0m02:12:17.339752 [info ] [MainThread]: [31m2 checks failed:[0m
[0m02:12:17.340739 [info ] [MainThread]: dbt looked for a profiles.yml file in .\profiles.yml, but did
not find one. For more information on configuring your profile, consult the
documentation:

https://docs.getdbt.com/docs/configure-your-profile


[0m02:12:17.340739 [info ] [MainThread]: Project loading failed for the following reason:
 project path <C:\work_related\TechSalesMX\dbt_project.yml> not found

[0m02:12:17.341751 [debug] [MainThread]: Command `dbt debug` failed at 02:12:17.341751 after 0.26 seconds
[0m02:12:17.342760 [debug] [MainThread]: Sending event: {'category': 'dbt', 'action': 'invocation', 'label': 'end', 'context': [<snowplow_tracker.self_describing_json.SelfDescribingJson object at 0x000001A167DBCA40>, <snowplow_tracker.self_describing_json.SelfDescribingJson object at 0x000001A166532030>, <snowplow_tracker.self_describing_json.SelfDescribingJson object at 0x000001A1665320C0>]}
[0m02:12:17.342760 [debug] [MainThread]: Flushing usage events
[0m02:12:18.060018 [debug] [MainThread]: An error was encountered while trying to flush usage events
[0m02:12:51.772092 [debug] [MainThread]: Sending event: {'category': 'dbt', 'action': 'invocation', 'label': 'start', 'context': [<snowplow_tracker.self_describing_json.SelfDescribingJson object at 0x00000281941A2A20>, <snowplow_tracker.self_describing_json.SelfDescribingJson object at 0x00000281961838F0>, <snowplow_tracker.self_describing_json.SelfDescribingJson object at 0x000002819633E6C0>]}


============================== 02:12:51.778355 | f72abf2a-50d4-4e0f-922e-e3692cd7a7a1 ==============================
[0m02:12:51.778355 [info ] [MainThread]: Running with dbt=1.11.9
[0m02:12:51.779358 [debug] [MainThread]: running dbt with arguments {'static_parser': 'True', 'no_print': 'None', 'version_check': 'True', 'target_path': 'None', 'warn_error_options': 'WarnErrorOptionsV2(error=[], warn=[], silence=[])', 'printer_width': '80', 'write_json': 'True', 'introspect': 'True', 'log_cache_events': 'False', 'empty': 'None', 'cache_selected_only': 'False', 'log_format': 'default', 'debug': 'False', 'fail_fast': 'False', 'profiles_dir': '.', 'send_anonymous_usage_stats': 'True', 'quiet': 'False', 'warn_error': 'None', 'partial_parse': 'True', 'invocation_command': 'dbt debug --profiles-dir .', 'indirect_selection': 'eager', 'use_colors': 'True', 'use_experimental_parser': 'False', 'log_path': 'logs'}
[0m02:12:51.813272 [info ] [MainThread]: dbt version: 1.11.9
[0m02:12:51.814763 [info ] [MainThread]: python version: 3.12.2
[0m02:12:51.815990 [info ] [MainThread]: python path: C:\work_related\TechSalesMX\venv\Scripts\python.exe
[0m02:12:51.818243 [info ] [MainThread]: os info: Windows-11-10.0.26200-SP0
[0m02:12:51.819243 [info ] [MainThread]: Using profiles dir at .
[0m02:12:51.819243 [info ] [MainThread]: Using profiles.yml file at .\profiles.yml
[0m02:12:51.820326 [info ] [MainThread]: Using dbt_project.yml file at C:\work_related\TechSalesMX\dbt_project.yml
[0m02:12:51.820326 [info ] [MainThread]: Configuration:
[0m02:12:51.821724 [info ] [MainThread]:   profiles.yml file [[31mERROR not found[0m]
[0m02:12:51.822727 [info ] [MainThread]:   dbt_project.yml file [[31mERROR not found[0m]
[0m02:12:51.822727 [info ] [MainThread]: Required dependencies:
[0m02:12:51.823724 [debug] [MainThread]: Executing "git --help"
[0m02:12:51.872503 [debug] [MainThread]: STDOUT: "b"usage: git [-v | --version] [-h | --help] [-C <path>] [-c <name>=<value>]\n           [--exec-path[=<path>]] [--html-path] [--man-path] [--info-path]\n           [-p | --paginate | -P | --no-pager] [--no-replace-objects] [--no-lazy-fetch]\n           [--no-optional-locks] [--no-advice] [--bare] [--git-dir=<path>]\n           [--work-tree=<path>] [--namespace=<name>] [--config-env=<name>=<envvar>]\n           <command> [<args>]\n\nThese are common Git commands used in various situations:\n\nstart a working area (see also: git help tutorial)\n   clone      Clone a repository into a new directory\n   init       Create an empty Git repository or reinitialize an existing one\n\nwork on the current change (see also: git help everyday)\n   add        Add file contents to the index\n   mv         Move or rename a file, a directory, or a symlink\n   restore    Restore working tree files\n   rm         Remove files from the working tree and from the index\n\nexamine the history and state (see also: git help revisions)\n   bisect     Use binary search to find the commit that introduced a bug\n   diff       Show changes between commits, commit and working tree, etc\n   grep       Print lines matching a pattern\n   log        Show commit logs\n   show       Show various types of objects\n   status     Show the working tree status\n\ngrow, mark and tweak your common history\n   backfill   Download missing objects in a partial clone\n   branch     List, create, or delete branches\n   commit     Record changes to the repository\n   merge      Join two or more development histories together\n   rebase     Reapply commits on top of another base tip\n   reset      Reset current HEAD to the specified state\n   switch     Switch branches\n   tag        Create, list, delete or verify tags\n\ncollaborate (see also: git help workflows)\n   fetch      Download objects and refs from another repository\n   pull       Fetch from and integrate with another repository or a local branch\n   push       Update remote refs along with associated objects\n\n'git help -a' and 'git help -g' list available subcommands and some\nconcept guides. See 'git help <command>' or 'git help <concept>'\nto read about a specific subcommand or concept.\nSee 'git help git' for an overview of the system.\n""
[0m02:12:51.873222 [debug] [MainThread]: STDERR: "b''"
[0m02:12:51.873728 [info ] [MainThread]:  - git [[32mOK found[0m]

[0m02:12:51.874259 [info ] [MainThread]: Connection test skipped since no profile was found
[0m02:12:51.874813 [info ] [MainThread]: [31m2 checks failed:[0m
[0m02:12:51.875366 [info ] [MainThread]: dbt looked for a profiles.yml file in .\profiles.yml, but did
not find one. For more information on configuring your profile, consult the
documentation:

https://docs.getdbt.com/docs/configure-your-profile


[0m02:12:51.876414 [info ] [MainThread]: Project loading failed for the following reason:
 project path <C:\work_related\TechSalesMX\dbt_project.yml> not found

[0m02:12:51.878005 [debug] [MainThread]: Command `dbt debug` failed at 02:12:51.877477 after 0.24 seconds
[0m02:12:51.878538 [debug] [MainThread]: Sending event: {'category': 'dbt', 'action': 'invocation', 'label': 'end', 'context': [<snowplow_tracker.self_describing_json.SelfDescribingJson object at 0x000002819910D430>, <snowplow_tracker.self_describing_json.SelfDescribingJson object at 0x0000028198431880>, <snowplow_tracker.self_describing_json.SelfDescribingJson object at 0x0000028198A98290>]}
[0m02:12:51.878538 [debug] [MainThread]: Flushing usage events
[0m02:12:52.626322 [debug] [MainThread]: An error was encountered while trying to flush usage events
